<?xml version="1.0" encoding="UTF-8"?>
<testng-results ignored="0" total="1" passed="1" failed="0" skipped="0">
  <reporter-output>
  </reporter-output>
  <suite started-at="2021-10-21T10:34:23Z" name="Default suite" finished-at="2021-10-21T10:34:32Z" duration-ms="9394">
    <groups>
    </groups>
    <test started-at="2021-10-21T10:34:23Z" name="Default test" finished-at="2021-10-21T10:34:32Z" duration-ms="9394">
      <class name="tests.BaseClass">
        <test-method is-config="true" signature="setup()[pri:0, instance:tests.BaseClass@8f2ef19]" started-at="2021-10-21T15:34:23Z" name="setup" finished-at="2021-10-21T15:34:32Z" duration-ms="9350" status="PASS">
          <reporter-output>
          </reporter-output>
        </test-method> <!-- setup -->
        <test-method signature="sampleTest()[pri:0, instance:tests.BaseClass@8f2ef19]" started-at="2021-10-21T15:34:32Z" name="sampleTest" finished-at="2021-10-21T15:34:32Z" duration-ms="9" status="PASS">
          <reporter-output>
          </reporter-output>
        </test-method> <!-- sampleTest -->
        <test-method is-config="true" signature="teardown()[pri:0, instance:tests.BaseClass@8f2ef19]" started-at="2021-10-21T15:34:32Z" name="teardown" finished-at="2021-10-21T15:34:32Z" duration-ms="0" status="PASS">
          <reporter-output>
          </reporter-output>
        </test-method> <!-- teardown -->
      </class> <!-- tests.BaseClass -->
    </test> <!-- Default test -->
  </suite> <!-- Default suite -->
</testng-results>
